Aug-14 13:21:39.096 [main] DEBUG nextflow.cli.Launcher - $> nextflow main.nf -profile dgx_a100 --input /home/cdcadmin/Downloads/NG_Thailand_FASTQ/subset/subset.csv --outdir /home/cdcadmin/Downloads/NG_Thailand_FASTQ/subset/results -resume
Aug-14 13:21:39.190 [main] DEBUG nextflow.cli.CmdRun - N E X T F L O W  ~  version 24.04.3
Aug-14 13:21:39.206 [main] DEBUG nextflow.plugin.PluginsFacade - Setting up plugin manager > mode=prod; embedded=false; plugins-dir=/home/cdcadmin/.nextflow/plugins; core-plugins: nf-amazon@2.5.2,nf-azure@1.6.0,nf-cloudcache@0.4.1,nf-codecommit@0.2.0,nf-console@1.1.3,nf-ga4gh@1.3.0,nf-google@1.13.2-patch1,nf-tower@1.9.1,nf-wave@1.4.2
Aug-14 13:21:39.215 [main] INFO  o.pf4j.DefaultPluginStatusProvider - Enabled plugins: []
Aug-14 13:21:39.216 [main] INFO  o.pf4j.DefaultPluginStatusProvider - Disabled plugins: []
Aug-14 13:21:39.218 [main] INFO  org.pf4j.DefaultPluginManager - PF4J version 3.10.0 in 'deployment' mode
Aug-14 13:21:39.229 [main] INFO  org.pf4j.AbstractPluginManager - No plugins
Aug-14 13:21:39.246 [main] DEBUG nextflow.config.ConfigBuilder - Found config local: /home/cdcadmin/neissflow-dgx-updated/nextflow.config
Aug-14 13:21:39.248 [main] DEBUG nextflow.config.ConfigBuilder - Parsing config file: /home/cdcadmin/neissflow-dgx-updated/nextflow.config
Aug-14 13:21:39.267 [main] DEBUG n.secret.LocalSecretsProvider - Secrets store: /home/cdcadmin/.nextflow/secrets/store.json
Aug-14 13:21:39.270 [main] DEBUG nextflow.secret.SecretsLoader - Discovered secrets providers: [nextflow.secret.LocalSecretsProvider@389562d6] - activable => nextflow.secret.LocalSecretsProvider@389562d6
Aug-14 13:21:39.280 [main] DEBUG nextflow.config.ConfigBuilder - Applying config profile: `dgx_a100`
Aug-14 13:21:40.477 [main] DEBUG nextflow.config.ConfigBuilder - Available config profiles: [all, test_fasta, highmem, QC, debug, test, short, singularity, test_both, dgx_a100]
Aug-14 13:21:40.527 [main] DEBUG nextflow.cli.CmdRun - Applied DSL=2 from script declaration
Aug-14 13:21:40.544 [main] DEBUG nextflow.cli.CmdRun - Launching `main.nf` [exotic_rosalind] DSL2 - revision: 93f13dad4b
Aug-14 13:21:40.545 [main] DEBUG nextflow.plugin.PluginsFacade - Plugins default=[]
Aug-14 13:21:40.546 [main] DEBUG nextflow.plugin.PluginsFacade - Plugins resolved requirement=[]
Aug-14 13:21:40.599 [main] DEBUG nextflow.Session - Session UUID: de6e9388-9a27-4cf0-b436-c9d01302f098
Aug-14 13:21:40.599 [main] DEBUG nextflow.Session - Run name: exotic_rosalind
Aug-14 13:21:40.600 [main] DEBUG nextflow.Session - Executor pool size: 128
Aug-14 13:21:40.607 [main] DEBUG nextflow.file.FilePorter - File porter settings maxRetries=3; maxTransfers=50; pollTimeout=null
Aug-14 13:21:40.611 [main] DEBUG nextflow.util.ThreadPoolBuilder - Creating thread pool 'FileTransfer' minSize=10; maxSize=384; workQueue=LinkedBlockingQueue[10000]; allowCoreThreadTimeout=false
Aug-14 13:21:40.628 [main] DEBUG nextflow.cli.CmdRun - 
  Version: 24.04.3 build 5916
  Created: 09-07-2024 19:35 UTC (10-07-2024 02:35 ICST)
  System: Linux 5.15.0-151-generic
  Runtime: Groovy 4.0.21 on OpenJDK 64-Bit Server VM 17.0.10+7
  Encoding: UTF-8 (UTF-8)
  Process: 174469@dgx-a100 [192.168.1.11]
  CPUs: 128 - Mem: 503.7 GB (483.1 GB) - Swap: 0 (0)
Aug-14 13:21:40.661 [main] DEBUG nextflow.Session - Work-dir: /home/cdcadmin/neissflow-dgx-updated/work [ext2/ext3]
Aug-14 13:21:40.710 [main] DEBUG nextflow.executor.ExecutorFactory - Extension executors providers=[]
Aug-14 13:21:40.718 [main] DEBUG nextflow.Session - Observer factory: DefaultObserverFactory
Aug-14 13:21:40.762 [main] DEBUG nextflow.cache.CacheFactory - Using Nextflow cache factory: nextflow.cache.DefaultCacheFactory
Aug-14 13:21:40.770 [main] DEBUG nextflow.util.CustomThreadPool - Creating default thread pool > poolSize: 129; maxThreads: 1000
Aug-14 13:21:40.833 [main] DEBUG nextflow.Session - Session start
Aug-14 13:21:40.835 [main] DEBUG nextflow.trace.TraceFileObserver - Workflow started -- trace file: /home/cdcadmin/Downloads/NG_Thailand_FASTQ/subset/results/trace.txt
Aug-14 13:21:41.028 [main] DEBUG nextflow.script.ScriptRunner - > Launching execution
Aug-14 13:21:42.379 [main] DEBUG nextflow.plugin.PluginUpdater - Installing plugin nf-validation version: latest
Aug-14 13:21:42.937 [main] INFO  org.pf4j.AbstractPluginManager - Plugin 'nf-validation@1.1.4' resolved
Aug-14 13:21:42.937 [main] INFO  org.pf4j.AbstractPluginManager - Start plugin 'nf-validation@1.1.4'
Aug-14 13:21:42.942 [main] DEBUG nextflow.plugin.BasePlugin - Plugin started nf-validation@1.1.4
Aug-14 13:21:42.942 [main] DEBUG nextflow.script.IncludeDef - Loading included plugin extensions with names: [paramsSummaryMap:paramsSummaryMap]; plugin Id: nf-validation
Aug-14 13:21:43.193 [main] DEBUG nextflow.script.IncludeDef - Loading included plugin extensions with names: [paramsHelp:paramsHelp]; plugin Id: nf-validation
Aug-14 13:21:43.194 [main] DEBUG nextflow.script.IncludeDef - Loading included plugin extensions with names: [paramsSummaryLog:paramsSummaryLog]; plugin Id: nf-validation
Aug-14 13:21:43.195 [main] DEBUG nextflow.script.IncludeDef - Loading included plugin extensions with names: [validateParameters:validateParameters]; plugin Id: nf-validation
Aug-14 13:21:43.198 [main] DEBUG nextflow.script.IncludeDef - Loading included plugin extensions with names: [paramsSummaryMap:paramsSummaryMap]; plugin Id: nf-validation
Aug-14 13:21:43.199 [main] DEBUG nextflow.script.IncludeDef - Loading included plugin extensions with names: [fromSamplesheet:fromSamplesheet]; plugin Id: nf-validation
Aug-14 13:21:46.589 [main] DEBUG nextflow.script.IncludeDef - Loading included plugin extensions with names: [paramsSummaryMap:paramsSummaryMap]; plugin Id: nf-validation
Aug-14 13:21:46.766 [main] DEBUG nextflow.script.IncludeDef - Loading included plugin extensions with names: [paramsHelp:paramsHelp]; plugin Id: nf-validation
Aug-14 13:21:46.767 [main] DEBUG nextflow.script.IncludeDef - Loading included plugin extensions with names: [paramsSummaryLog:paramsSummaryLog]; plugin Id: nf-validation
Aug-14 13:21:46.768 [main] DEBUG nextflow.script.IncludeDef - Loading included plugin extensions with names: [validateParameters:validateParameters]; plugin Id: nf-validation
Aug-14 13:21:46.770 [main] DEBUG nextflow.script.IncludeDef - Loading included plugin extensions with names: [paramsSummaryMap:paramsSummaryMap]; plugin Id: nf-validation
Aug-14 13:21:46.771 [main] DEBUG nextflow.script.IncludeDef - Loading included plugin extensions with names: [fromSamplesheet:fromSamplesheet]; plugin Id: nf-validation
Aug-14 13:21:48.489 [main] DEBUG nextflow.script.IncludeDef - Loading included plugin extensions with names: [paramsHelp:paramsHelp]; plugin Id: nf-validation
Aug-14 13:21:48.490 [main] DEBUG nextflow.script.IncludeDef - Loading included plugin extensions with names: [paramsSummaryLog:paramsSummaryLog]; plugin Id: nf-validation
Aug-14 13:21:48.491 [main] DEBUG nextflow.script.IncludeDef - Loading included plugin extensions with names: [validateParameters:validateParameters]; plugin Id: nf-validation
Aug-14 13:21:48.493 [main] DEBUG nextflow.script.IncludeDef - Loading included plugin extensions with names: [paramsSummaryMap:paramsSummaryMap]; plugin Id: nf-validation
Aug-14 13:21:48.494 [main] DEBUG nextflow.script.IncludeDef - Loading included plugin extensions with names: [fromSamplesheet:fromSamplesheet]; plugin Id: nf-validation
Aug-14 13:21:48.623 [main] DEBUG nextflow.script.IncludeDef - Loading included plugin extensions with names: [fromSamplesheet:fromSamplesheet]; plugin Id: nf-validation
Aug-14 13:21:48.672 [main] DEBUG nextflow.Nextflow - Using schema file: nextflow_schema.json
Aug-14 13:21:48.684 [main] INFO  nextflow.Nextflow - 

-[2m----------------------------------------------------[0m-
[0;32m             _          __ _               
[0;32m  _ __   ___(_)___ ___ / _| | _____      __
[0;32m | '_ \ / _ \ / __/ __| |_| |/ _ \ \ /\ / /
[0;32m | | | |  __/ \__ \__ \  _| | (_) \ V  V / 
[0;32m |_| |_|\___|_|___/___/_| |_|\___/ \_/\_/  

[0;35m  neissflow/main.nf v2.0.0[0m
-[2m----------------------------------------------------[0m-
[1mCore Nextflow options[0m
  [0;34mrunName                   : [0;32mexotic_rosalind[0m
  [0;34mcontainerEngine           : [0;32msingularity[0m
  [0;34mlaunchDir                 : [0;32m/home/cdcadmin/neissflow-dgx-updated[0m
  [0;34mworkDir                   : [0;32m/home/cdcadmin/neissflow-dgx-updated/work[0m
  [0;34mprojectDir                : [0;32m/home/cdcadmin/neissflow-dgx-updated[0m
  [0;34muserName                  : [0;32mcdcadmin[0m
  [0;34mprofile                   : [0;32mdgx_a100[0m
  [0;34mconfigFiles               : [0;32m[0m

[1mInput/output options[0m
  [0;34minput                     : [0;32m/home/cdcadmin/Downloads/NG_Thailand_FASTQ/subset/subset.csv[0m
  [0;34moutdir                    : [0;32m/home/cdcadmin/Downloads/NG_Thailand_FASTQ/subset/results[0m
  [0;34mname                      : [0;32mcomplete[0m

[1mPipeline Configuration[0m
  [0;34massets_dir                : [0;32m/home/cdcadmin/neissflow-dgx-updated/assets[0m

[1mSpecies ID parameters[0m
  [0;34mmash_db                   : [0;32m/home/cdcadmin/neissflow-dgx-updated/assets/databases/RefSeqSketchesDefaults.msh[0m
  [0;34mFA19_ref                  : [0;32m/home/cdcadmin/neissflow-dgx-updated/assets/FA19.gb[0m

[1mAssembly Parameters[0m
  [0;34mFA19cg                    : [0;32m/home/cdcadmin/neissflow-dgx-updated/assets/FA19cg.fa[0m

[1mAMR Profiler parameters[0m
  [0;34mamr_ref                   : [0;32m/home/cdcadmin/neissflow-dgx-updated/assets/amr_genes.gbk[0m
  [0;34mloci                      : [0;32m/home/cdcadmin/neissflow-dgx-updated/assets/FA19_loci.tsv[0m
  [0;34mdefault_amr               : [0;32m/home/cdcadmin/neissflow-dgx-updated/assets/AMR_defaults.tsv[0m
  [0;34mcolumns                   : [0;32m/home/cdcadmin/neissflow-dgx-updated/assets/amr_columns.txt[0m
  [0;34mmtrR_mosaic_ref           : [0;32m/home/cdcadmin/neissflow-dgx-updated/assets/gene_refs/mosaic-mtrR.fasta[0m
  [0;34mpenAdb                    : [0;32m/home/cdcadmin/neissflow-dgx-updated/assets/blastdb/penAdb[0m
  [0;34mporBdb                    : [0;32m/home/cdcadmin/neissflow-dgx-updated/assets/blastdb/porBdb[0m
  [0;34mpubmlst                   : [0;32m/home/cdcadmin/neissflow-dgx-updated/assets/databases/pubmlst[0m
  [0;34mblastdb                   : [0;32m/home/cdcadmin/neissflow-dgx-updated/assets/databases/blastdb/mlst.fa[0m
  [0;34mngmasterdb                : [0;32m/home/cdcadmin/neissflow-dgx-updated/assets/alleledb/ngmaster/[0m
  [0;34mngstar                    : [0;32m/home/cdcadmin/neissflow-dgx-updated/assets/alleledb/ngmaster/pubmlst/ngstar/ngstar.txt[0m
  [0;34mngmast                    : [0;32m/home/cdcadmin/neissflow-dgx-updated/assets/alleledb/ngmaster/pubmlst/ngmast/ngmast.txt[0m

[1mInstitutional config options[0m
  [0;34mconfig_profile_description: [0;32mProfile optimized for NVIDIA DGX Station A100 with 128 cores and 504GB RAM[0m
  [0;34mconfig_profile_url        : [0;32mnull[0m
  [0;34mconfig_profile_name       : [0;32mNVIDIA DGX Station A100[0m

[1mMax job request options[0m
  [0;34mmax_cpus                  : [0;32m100[0m
  [0;34mmax_memory                : [0;32m400.GB[0m

[1mGeneric options[0m
  [0;34mversion                   : [0;32m2.0[0m

!! Only displaying parameters that differ from the pipeline defaults !!
-[2m----------------------------------------------------[0m-
If you use neissflow/main.nf for your analysis please cite:

* The pipeline

* The nf-core framework
  https://doi.org/10.1038/s41587-020-0439-x

* Software dependencies
  https://github.com/CDCgov/neissflow/main.nf/-/blob/main/CITATIONS.md
-[2m----------------------------------------------------[0m-
Aug-14 13:21:48.696 [main] DEBUG nextflow.validation.SchemaValidator - Starting validation: '/home/cdcadmin/Downloads/NG_Thailand_FASTQ/subset/subset.csv' with 'assets/schema_input.json'
Aug-14 13:21:48.781 [main] DEBUG nextflow.validation.SchemaValidator - Validation passed: '/home/cdcadmin/Downloads/NG_Thailand_FASTQ/subset/subset.csv' with 'assets/schema_input.json'
Aug-14 13:21:48.870 [main] DEBUG nextflow.script.ProcessConfig - Config settings `withLabel:process_low` matches labels `process_low` for process with name NFCORE_NEISSFLOW:NEISSFLOW:CHECK_FASTQS
Aug-14 13:21:48.873 [main] DEBUG nextflow.script.ProcessConfig - Config settings `withName:CHECK_FASTQS` matches process NFCORE_NEISSFLOW:NEISSFLOW:CHECK_FASTQS
Aug-14 13:21:48.887 [main] DEBUG nextflow.executor.ExecutorFactory - << taskConfig executor: local
Aug-14 13:21:48.887 [main] DEBUG nextflow.executor.ExecutorFactory - >> processorType: 'local'
Aug-14 13:21:48.892 [main] DEBUG nextflow.executor.Executor - [warm up] executor > local
Aug-14 13:21:48.899 [main] DEBUG n.processor.LocalPollingMonitor - Creating local task monitor for executor 'local' > cpus=128; memory=503.7 GB; capacity=20; pollInterval=5s; dumpInterval=5m
Aug-14 13:21:48.901 [main] DEBUG n.processor.TaskPollingMonitor - >>> barrier register (monitor: local)
Aug-14 13:21:48.955 [main] DEBUG nextflow.script.ProcessConfig - Config settings `withLabel:process_medium` matches labels `process_medium` for process with name NFCORE_NEISSFLOW:NEISSFLOW:PREPROCESSING:FASTP
Aug-14 13:21:48.956 [main] DEBUG nextflow.script.ProcessConfig - Config settings `withName:FASTP` matches process NFCORE_NEISSFLOW:NEISSFLOW:PREPROCESSING:FASTP
Aug-14 13:21:48.962 [main] DEBUG nextflow.executor.ExecutorFactory - << taskConfig executor: local
Aug-14 13:21:48.962 [main] DEBUG nextflow.executor.ExecutorFactory - >> processorType: 'local'
Aug-14 13:21:48.978 [main] DEBUG nextflow.script.ProcessConfig - Config settings `withLabel:process_low` matches labels `process_low` for process with name NFCORE_NEISSFLOW:NEISSFLOW:PREPROCESSING:PARSE_FASTP_REPORTS
Aug-14 13:21:48.979 [main] DEBUG nextflow.script.ProcessConfig - Config settings `withName:PARSE_FASTP_REPORTS` matches process NFCORE_NEISSFLOW:NEISSFLOW:PREPROCESSING:PARSE_FASTP_REPORTS
Aug-14 13:21:48.985 [main] DEBUG nextflow.executor.ExecutorFactory - << taskConfig executor: local
Aug-14 13:21:48.985 [main] DEBUG nextflow.executor.ExecutorFactory - >> processorType: 'local'
Aug-14 13:21:48.998 [main] DEBUG nextflow.script.ProcessConfig - Config settings `withLabel:process_low` matches labels `process_low` for process with name NFCORE_NEISSFLOW:NEISSFLOW:PREPROCESSING:COMBINE_FASTP_REPORTS
Aug-14 13:21:48.999 [main] DEBUG nextflow.script.ProcessConfig - Config settings `withName:COMBINE_FASTP_REPORTS` matches process NFCORE_NEISSFLOW:NEISSFLOW:PREPROCESSING:COMBINE_FASTP_REPORTS
Aug-14 13:21:49.004 [main] DEBUG nextflow.executor.ExecutorFactory - << taskConfig executor: local
Aug-14 13:21:49.004 [main] DEBUG nextflow.executor.ExecutorFactory - >> processorType: 'local'
Aug-14 13:21:49.013 [main] DEBUG nextflow.script.ProcessConfig - Config settings `withLabel:process_low` matches labels `process_low` for process with name NFCORE_NEISSFLOW:NEISSFLOW:PREPROCESSING:FASTP_QC_CHECK
Aug-14 13:21:49.014 [main] DEBUG nextflow.script.ProcessConfig - Config settings `withName:FASTP_QC_CHECK` matches process NFCORE_NEISSFLOW:NEISSFLOW:PREPROCESSING:FASTP_QC_CHECK
Aug-14 13:21:49.019 [main] DEBUG nextflow.executor.ExecutorFactory - << taskConfig executor: local
Aug-14 13:21:49.019 [main] DEBUG nextflow.executor.ExecutorFactory - >> processorType: 'local'
Aug-14 13:21:49.063 [main] DEBUG nextflow.script.ProcessConfig - Config settings `withLabel:process_medium` matches labels `process_medium` for process with name NFCORE_NEISSFLOW:NEISSFLOW:SNIPPY
Aug-14 13:21:49.065 [main] DEBUG nextflow.script.ProcessConfig - Config settings `withName:SNIPPY` matches process NFCORE_NEISSFLOW:NEISSFLOW:SNIPPY
Aug-14 13:21:49.074 [main] DEBUG nextflow.executor.ExecutorFactory - << taskConfig executor: local
Aug-14 13:21:49.074 [main] DEBUG nextflow.executor.ExecutorFactory - >> processorType: 'local'
Aug-14 13:21:49.100 [main] DEBUG nextflow.script.ProcessConfig - Config settings `withLabel:process_low` matches labels `process_low` for process with name NFCORE_NEISSFLOW:NEISSFLOW:ASSEMBLY:ASSEMBLY_STATS
Aug-14 13:21:49.102 [main] DEBUG nextflow.script.ProcessConfig - Config settings `withName:ASSEMBLY_STATS` matches process NFCORE_NEISSFLOW:NEISSFLOW:ASSEMBLY:ASSEMBLY_STATS
Aug-14 13:21:49.105 [main] DEBUG nextflow.executor.ExecutorFactory - << taskConfig executor: local
Aug-14 13:21:49.105 [main] DEBUG nextflow.executor.ExecutorFactory - >> processorType: 'local'
Aug-14 13:21:49.123 [main] DEBUG nextflow.script.ProcessConfig - Config settings `withLabel:process_medium` matches labels `process_medium` for process with name NFCORE_NEISSFLOW:NEISSFLOW:ASSEMBLY:QUAST
Aug-14 13:21:49.124 [main] DEBUG nextflow.script.ProcessConfig - Config settings `withName:QUAST` matches process NFCORE_NEISSFLOW:NEISSFLOW:ASSEMBLY:QUAST
Aug-14 13:21:49.128 [main] DEBUG nextflow.executor.ExecutorFactory - << taskConfig executor: local
Aug-14 13:21:49.129 [main] DEBUG nextflow.executor.ExecutorFactory - >> processorType: 'local'
Aug-14 13:21:49.151 [main] DEBUG nextflow.script.ProcessConfig - Config settings `withLabel:process_medium` matches labels `process_medium` for process with name NFCORE_NEISSFLOW:NEISSFLOW:SPECIES_CHECK:MASH
Aug-14 13:21:49.152 [main] DEBUG nextflow.script.ProcessConfig - Config settings `withName:MASH` matches process NFCORE_NEISSFLOW:NEISSFLOW:SPECIES_CHECK:MASH
Aug-14 13:21:49.154 [main] DEBUG nextflow.executor.ExecutorFactory - << taskConfig executor: local
Aug-14 13:21:49.155 [main] DEBUG nextflow.executor.ExecutorFactory - >> processorType: 'local'
Aug-14 13:21:49.165 [main] DEBUG nextflow.script.ProcessConfig - Config settings `withLabel:process_low` matches labels `process_low` for process with name NFCORE_NEISSFLOW:NEISSFLOW:SPECIES_CHECK:COMBINE_MASH_REPORTS
Aug-14 13:21:49.166 [main] DEBUG nextflow.script.ProcessConfig - Config settings `withName:COMBINE_MASH_REPORTS` matches process NFCORE_NEISSFLOW:NEISSFLOW:SPECIES_CHECK:COMBINE_MASH_REPORTS
Aug-14 13:21:49.170 [main] DEBUG nextflow.executor.ExecutorFactory - << taskConfig executor: local
Aug-14 13:21:49.170 [main] DEBUG nextflow.executor.ExecutorFactory - >> processorType: 'local'
Aug-14 13:21:49.181 [main] DEBUG nextflow.script.ProcessConfig - Config settings `withLabel:process_medium` matches labels `process_medium` for process with name NFCORE_NEISSFLOW:NEISSFLOW:SPECIES_CHECK:STATS
Aug-14 13:21:49.184 [main] DEBUG nextflow.script.ProcessConfig - Config settings `withName:STATS` matches process NFCORE_NEISSFLOW:NEISSFLOW:SPECIES_CHECK:STATS
Aug-14 13:21:49.187 [main] DEBUG nextflow.executor.ExecutorFactory - << taskConfig executor: local
Aug-14 13:21:49.187 [main] DEBUG nextflow.executor.ExecutorFactory - >> processorType: 'local'
Aug-14 13:21:49.196 [main] DEBUG nextflow.script.ProcessConfig - Config settings `withLabel:process_single` matches labels `process_single` for process with name NFCORE_NEISSFLOW:NEISSFLOW:SPECIES_CHECK:COVERAGE
Aug-14 13:21:49.197 [main] DEBUG nextflow.script.ProcessConfig - Config settings `withName:COVERAGE` matches process NFCORE_NEISSFLOW:NEISSFLOW:SPECIES_CHECK:COVERAGE
Aug-14 13:21:49.200 [main] DEBUG nextflow.executor.ExecutorFactory - << taskConfig executor: local
Aug-14 13:21:49.200 [main] DEBUG nextflow.executor.ExecutorFactory - >> processorType: 'local'
Aug-14 13:21:49.216 [main] DEBUG nextflow.script.ProcessConfig - Config settings `withLabel:process_single` matches labels `process_single` for process with name NFCORE_NEISSFLOW:NEISSFLOW:INITIAL_MERGE
Aug-14 13:21:49.217 [main] DEBUG nextflow.script.ProcessConfig - Config settings `withName:INITIAL_MERGE` matches process NFCORE_NEISSFLOW:NEISSFLOW:INITIAL_MERGE
Aug-14 13:21:49.220 [main] DEBUG nextflow.executor.ExecutorFactory - << taskConfig executor: local
Aug-14 13:21:49.220 [main] DEBUG nextflow.executor.ExecutorFactory - >> processorType: 'local'
Aug-14 13:21:49.227 [main] DEBUG nextflow.script.ProcessConfig - Config settings `withLabel:process_single` matches labels `process_single` for process with name NFCORE_NEISSFLOW:NEISSFLOW:QC_CHECK
Aug-14 13:21:49.228 [main] DEBUG nextflow.script.ProcessConfig - Config settings `withName:QC_CHECK` matches process NFCORE_NEISSFLOW:NEISSFLOW:QC_CHECK
Aug-14 13:21:49.231 [main] DEBUG nextflow.executor.ExecutorFactory - << taskConfig executor: local
Aug-14 13:21:49.231 [main] DEBUG nextflow.executor.ExecutorFactory - >> processorType: 'local'
Aug-14 13:21:49.292 [main] DEBUG nextflow.script.ProcessConfig - Config settings `withLabel:process_medium` matches labels `process_medium` for process with name NFCORE_NEISSFLOW:NEISSFLOW:AMR_PROFILER:SNIPPY_AMR
Aug-14 13:21:49.294 [main] DEBUG nextflow.script.ProcessConfig - Config settings `withName:SNIPPY_AMR` matches process NFCORE_NEISSFLOW:NEISSFLOW:AMR_PROFILER:SNIPPY_AMR
Aug-14 13:21:49.300 [main] DEBUG nextflow.executor.ExecutorFactory - << taskConfig executor: local
Aug-14 13:21:49.300 [main] DEBUG nextflow.executor.ExecutorFactory - >> processorType: 'local'
Aug-14 13:21:49.325 [main] DEBUG nextflow.script.ProcessConfig - Config settings `withLabel:process_low` matches labels `process_low` for process with name NFCORE_NEISSFLOW:NEISSFLOW:AMR_PROFILER:DEPTH
Aug-14 13:21:49.326 [main] DEBUG nextflow.script.ProcessConfig - Config settings `withName:DEPTH` matches process NFCORE_NEISSFLOW:NEISSFLOW:AMR_PROFILER:DEPTH
Aug-14 13:21:49.329 [main] DEBUG nextflow.executor.ExecutorFactory - << taskConfig executor: local
Aug-14 13:21:49.329 [main] DEBUG nextflow.executor.ExecutorFactory - >> processorType: 'local'
Aug-14 13:21:49.346 [main] DEBUG nextflow.script.ProcessConfig - Config settings `withLabel:process_low` matches labels `process_low` for process with name NFCORE_NEISSFLOW:NEISSFLOW:AMR_PROFILER:VARIANT_ANALYSIS
Aug-14 13:21:49.347 [main] DEBUG nextflow.script.ProcessConfig - Config settings `withName:VARIANT_ANALYSIS` matches process NFCORE_NEISSFLOW:NEISSFLOW:AMR_PROFILER:VARIANT_ANALYSIS
Aug-14 13:21:49.349 [main] DEBUG nextflow.executor.ExecutorFactory - << taskConfig executor: local
Aug-14 13:21:49.349 [main] DEBUG nextflow.executor.ExecutorFactory - >> processorType: 'local'
Aug-14 13:21:49.359 [main] DEBUG nextflow.script.ProcessConfig - Config settings `withLabel:process_low` matches labels `process_low` for process with name NFCORE_NEISSFLOW:NEISSFLOW:AMR_PROFILER:MLST
Aug-14 13:21:49.360 [main] DEBUG nextflow.script.ProcessConfig - Config settings `withName:MLST` matches process NFCORE_NEISSFLOW:NEISSFLOW:AMR_PROFILER:MLST
Aug-14 13:21:49.362 [main] DEBUG nextflow.executor.ExecutorFactory - << taskConfig executor: local
Aug-14 13:21:49.362 [main] DEBUG nextflow.executor.ExecutorFactory - >> processorType: 'local'
Aug-14 13:21:49.372 [main] DEBUG nextflow.script.ProcessConfig - Config settings `withLabel:process_low` matches labels `process_low` for process with name NFCORE_NEISSFLOW:NEISSFLOW:AMR_PROFILER:NGMASTER
Aug-14 13:21:49.373 [main] DEBUG nextflow.script.ProcessConfig - Config settings `withName:NGMASTER` matches process NFCORE_NEISSFLOW:NEISSFLOW:AMR_PROFILER:NGMASTER
Aug-14 13:21:49.390 [main] DEBUG nextflow.executor.ExecutorFactory - << taskConfig executor: local
Aug-14 13:21:49.390 [main] DEBUG nextflow.executor.ExecutorFactory - >> processorType: 'local'
Aug-14 13:21:49.400 [main] DEBUG nextflow.script.ProcessConfig - Config settings `withLabel:process_low` matches labels `process_low` for process with name NFCORE_NEISSFLOW:NEISSFLOW:AMR_PROFILER:BLASTN
Aug-14 13:21:49.401 [main] DEBUG nextflow.script.ProcessConfig - Config settings `withName:BLASTN` matches process NFCORE_NEISSFLOW:NEISSFLOW:AMR_PROFILER:BLASTN
Aug-14 13:21:49.404 [main] DEBUG nextflow.executor.ExecutorFactory - << taskConfig executor: local
Aug-14 13:21:49.404 [main] DEBUG nextflow.executor.ExecutorFactory - >> processorType: 'local'
Aug-14 13:21:49.418 [main] DEBUG nextflow.script.ProcessConfig - Config settings `withLabel:process_single` matches labels `process_single` for process with name NFCORE_NEISSFLOW:NEISSFLOW:AMR_PROFILER:MERGE_SINGLE_AMR
Aug-14 13:21:49.419 [main] DEBUG nextflow.script.ProcessConfig - Config settings `withName:MERGE_SINGLE_AMR` matches process NFCORE_NEISSFLOW:NEISSFLOW:AMR_PROFILER:MERGE_SINGLE_AMR
Aug-14 13:21:49.421 [main] DEBUG nextflow.executor.ExecutorFactory - << taskConfig executor: local
Aug-14 13:21:49.421 [main] DEBUG nextflow.executor.ExecutorFactory - >> processorType: 'local'
Aug-14 13:21:49.433 [main] DEBUG nextflow.script.ProcessConfig - Config settings `withLabel:process_single` matches labels `process_single` for process with name NFCORE_NEISSFLOW:NEISSFLOW:AMR_PROFILER:MERGE_AMR
Aug-14 13:21:49.434 [main] DEBUG nextflow.script.ProcessConfig - Config settings `withName:MERGE_AMR` matches process NFCORE_NEISSFLOW:NEISSFLOW:AMR_PROFILER:MERGE_AMR
Aug-14 13:21:49.437 [main] DEBUG nextflow.executor.ExecutorFactory - << taskConfig executor: local
Aug-14 13:21:49.437 [main] DEBUG nextflow.executor.ExecutorFactory - >> processorType: 'local'
Aug-14 13:21:49.461 [main] DEBUG nextflow.script.ProcessConfig - Config settings `withLabel:process_single` matches labels `process_single` for process with name NFCORE_NEISSFLOW:NEISSFLOW:MERGE_REPORTS
Aug-14 13:21:49.462 [main] DEBUG nextflow.script.ProcessConfig - Config settings `withName:MERGE_REPORTS` matches process NFCORE_NEISSFLOW:NEISSFLOW:MERGE_REPORTS
Aug-14 13:21:49.465 [main] DEBUG nextflow.executor.ExecutorFactory - << taskConfig executor: local
Aug-14 13:21:49.465 [main] DEBUG nextflow.executor.ExecutorFactory - >> processorType: 'local'
Aug-14 13:21:49.488 [main] DEBUG nextflow.script.ProcessConfig - Config settings `withLabel:process_low_memory` matches labels `process_low_memory` for process with name NFCORE_NEISSFLOW:NEISSFLOW:PHYLOGENY:SNIPPY_CORE
Aug-14 13:21:49.489 [main] DEBUG nextflow.script.ProcessConfig - Config settings `withName:SNIPPY_CORE` matches process NFCORE_NEISSFLOW:NEISSFLOW:PHYLOGENY:SNIPPY_CORE
Aug-14 13:21:49.492 [main] DEBUG nextflow.executor.ExecutorFactory - << taskConfig executor: local
Aug-14 13:21:49.492 [main] DEBUG nextflow.executor.ExecutorFactory - >> processorType: 'local'
Aug-14 13:21:49.504 [main] DEBUG nextflow.script.ProcessConfig - Config settings `withLabel:process_low_memory` matches labels `process_low_memory` for process with name NFCORE_NEISSFLOW:NEISSFLOW:PHYLOGENY:SNIPPY_CLEAN
Aug-14 13:21:49.505 [main] DEBUG nextflow.script.ProcessConfig - Config settings `withName:SNIPPY_CLEAN` matches process NFCORE_NEISSFLOW:NEISSFLOW:PHYLOGENY:SNIPPY_CLEAN
Aug-14 13:21:49.507 [main] DEBUG nextflow.executor.ExecutorFactory - << taskConfig executor: local
Aug-14 13:21:49.507 [main] DEBUG nextflow.executor.ExecutorFactory - >> processorType: 'local'
Aug-14 13:21:49.520 [main] DEBUG nextflow.script.ProcessConfig - Config settings `withLabel:process_high` matches labels `process_high` for process with name NFCORE_NEISSFLOW:NEISSFLOW:PHYLOGENY:GUBBINS
Aug-14 13:21:49.521 [main] DEBUG nextflow.script.ProcessConfig - Config settings `withName:GUBBINS` matches process NFCORE_NEISSFLOW:NEISSFLOW:PHYLOGENY:GUBBINS
Aug-14 13:21:49.523 [main] DEBUG nextflow.executor.ExecutorFactory - << taskConfig executor: local
Aug-14 13:21:49.523 [main] DEBUG nextflow.executor.ExecutorFactory - >> processorType: 'local'
Aug-14 13:21:49.537 [main] DEBUG nextflow.script.ProcessConfig - Config settings `withLabel:process_medium_memory` matches labels `process_medium_memory` for process with name NFCORE_NEISSFLOW:NEISSFLOW:PHYLOGENY:COUNT_MONO_NUC
Aug-14 13:21:49.538 [main] DEBUG nextflow.script.ProcessConfig - Config settings `withName:COUNT_MONO_NUC` matches process NFCORE_NEISSFLOW:NEISSFLOW:PHYLOGENY:COUNT_MONO_NUC
Aug-14 13:21:49.540 [main] DEBUG nextflow.executor.ExecutorFactory - << taskConfig executor: local
Aug-14 13:21:49.540 [main] DEBUG nextflow.executor.ExecutorFactory - >> processorType: 'local'
Aug-14 13:21:49.547 [main] DEBUG nextflow.script.ProcessConfig - Config settings `withLabel:process_high` matches labels `process_high` for process with name NFCORE_NEISSFLOW:NEISSFLOW:PHYLOGENY:SNPDISTS
Aug-14 13:21:49.548 [main] DEBUG nextflow.script.ProcessConfig - Config settings `withName:SNPDISTS` matches process NFCORE_NEISSFLOW:NEISSFLOW:PHYLOGENY:SNPDISTS
Aug-14 13:21:49.550 [main] DEBUG nextflow.executor.ExecutorFactory - << taskConfig executor: local
Aug-14 13:21:49.550 [main] DEBUG nextflow.executor.ExecutorFactory - >> processorType: 'local'
Aug-14 13:21:49.558 [main] DEBUG nextflow.script.ProcessConfig - Config settings `withLabel:process_single` matches labels `process_single` for process with name NFCORE_NEISSFLOW:NEISSFLOW:PHYLOGENY:OUTBREAK_DETECTION
Aug-14 13:21:49.559 [main] DEBUG nextflow.script.ProcessConfig - Config settings `withName:OUTBREAK_DETECTION` matches process NFCORE_NEISSFLOW:NEISSFLOW:PHYLOGENY:OUTBREAK_DETECTION
Aug-14 13:21:49.562 [main] DEBUG nextflow.executor.ExecutorFactory - << taskConfig executor: local
Aug-14 13:21:49.562 [main] DEBUG nextflow.executor.ExecutorFactory - >> processorType: 'local'
Aug-14 13:21:49.570 [main] DEBUG nextflow.script.ProcessConfig - Config settings `withLabel:process_single` matches labels `process_single` for process with name NFCORE_NEISSFLOW:NEISSFLOW:PHYLOGENY:CLUSTER_COLORING
Aug-14 13:21:49.571 [main] DEBUG nextflow.script.ProcessConfig - Config settings `withName:CLUSTER_COLORING` matches process NFCORE_NEISSFLOW:NEISSFLOW:PHYLOGENY:CLUSTER_COLORING
Aug-14 13:21:49.573 [main] DEBUG nextflow.executor.ExecutorFactory - << taskConfig executor: local
Aug-14 13:21:49.573 [main] DEBUG nextflow.executor.ExecutorFactory - >> processorType: 'local'
Aug-14 13:21:49.579 [main] DEBUG nextflow.script.ProcessConfig - Config settings `withLabel:process_single` matches labels `process_single` for process with name NFCORE_NEISSFLOW:NEISSFLOW:PHYLOGENY:MAKE_PARTITION_GUIDE
Aug-14 13:21:49.580 [main] DEBUG nextflow.script.ProcessConfig - Config settings `withName:MAKE_PARTITION_GUIDE` matches process NFCORE_NEISSFLOW:NEISSFLOW:PHYLOGENY:MAKE_PARTITION_GUIDE
Aug-14 13:21:49.582 [main] DEBUG nextflow.executor.ExecutorFactory - << taskConfig executor: local
Aug-14 13:21:49.582 [main] DEBUG nextflow.executor.ExecutorFactory - >> processorType: 'local'
Aug-14 13:21:49.592 [main] DEBUG nextflow.script.ProcessConfig - Config settings `withLabel:process_high` matches labels `process_high` for process with name NFCORE_NEISSFLOW:NEISSFLOW:PHYLOGENY:RAXML
Aug-14 13:21:49.594 [main] DEBUG nextflow.script.ProcessConfig - Config settings `withName:RAXML` matches process NFCORE_NEISSFLOW:NEISSFLOW:PHYLOGENY:RAXML
Aug-14 13:21:49.596 [main] DEBUG nextflow.executor.ExecutorFactory - << taskConfig executor: local
Aug-14 13:21:49.596 [main] DEBUG nextflow.executor.ExecutorFactory - >> processorType: 'local'
Aug-14 13:21:49.608 [main] DEBUG nextflow.script.ProcessConfig - Config settings `withLabel:process_single` matches labels `process_single` for process with name NFCORE_NEISSFLOW:NEISSFLOW:PHYLOGENY:REROOT
Aug-14 13:21:49.610 [main] DEBUG nextflow.script.ProcessConfig - Config settings `withName:REROOT` matches process NFCORE_NEISSFLOW:NEISSFLOW:PHYLOGENY:REROOT
Aug-14 13:21:49.612 [main] DEBUG nextflow.executor.ExecutorFactory - << taskConfig executor: local
Aug-14 13:21:49.612 [main] DEBUG nextflow.executor.ExecutorFactory - >> processorType: 'local'
Aug-14 13:21:49.622 [main] DEBUG nextflow.script.ProcessConfig - Config settings `withLabel:process_low` matches labels `process_low` for process with name NFCORE_NEISSFLOW:NEISSFLOW:PHYLOGENY:PHYLOGENY_QC
Aug-14 13:21:49.624 [main] DEBUG nextflow.script.ProcessConfig - Config settings `withName:PHYLOGENY_QC` matches process NFCORE_NEISSFLOW:NEISSFLOW:PHYLOGENY:PHYLOGENY_QC
Aug-14 13:21:49.626 [main] DEBUG nextflow.executor.ExecutorFactory - << taskConfig executor: local
Aug-14 13:21:49.626 [main] DEBUG nextflow.executor.ExecutorFactory - >> processorType: 'local'
Aug-14 13:21:49.638 [main] DEBUG nextflow.script.ProcessConfig - Config settings `withLabel:process_single` matches labels `process_single` for process with name NFCORE_NEISSFLOW:NEISSFLOW:PHYLOGENY:GOTREE_PNG
Aug-14 13:21:49.640 [main] DEBUG nextflow.script.ProcessConfig - Config settings `withName:GOTREE_PNG` matches process NFCORE_NEISSFLOW:NEISSFLOW:PHYLOGENY:GOTREE_PNG
Aug-14 13:21:49.642 [main] DEBUG nextflow.executor.ExecutorFactory - << taskConfig executor: local
Aug-14 13:21:49.642 [main] DEBUG nextflow.executor.ExecutorFactory - >> processorType: 'local'
Aug-14 13:21:49.653 [main] DEBUG nextflow.script.ProcessConfig - Config settings `withLabel:process_single` matches labels `process_single` for process with name NFCORE_NEISSFLOW:NEISSFLOW:PHYLOGENY:REPORT
Aug-14 13:21:49.654 [main] DEBUG nextflow.script.ProcessConfig - Config settings `withName:REPORT` matches process NFCORE_NEISSFLOW:NEISSFLOW:PHYLOGENY:REPORT
Aug-14 13:21:49.657 [main] DEBUG nextflow.executor.ExecutorFactory - << taskConfig executor: local
Aug-14 13:21:49.657 [main] DEBUG nextflow.executor.ExecutorFactory - >> processorType: 'local'
Aug-14 13:21:49.766 [main] DEBUG nextflow.script.ProcessConfig - Config settings `withLabel:process_single` matches labels `process_single` for process with name NFCORE_NEISSFLOW:NEISSFLOW:MULTIQC
Aug-14 13:21:49.769 [main] DEBUG nextflow.executor.ExecutorFactory - << taskConfig executor: local
Aug-14 13:21:49.769 [main] DEBUG nextflow.executor.ExecutorFactory - >> processorType: 'local'
Aug-14 13:21:49.784 [main] DEBUG nextflow.Session - Workflow process names [dsl2]: NFCORE_NEISSFLOW:NEISSFLOW:PHYLOGENY:RAXML, NFCORE_NEISSFLOW:NEISSFLOW:PHYLOGENY:COUNT_MONO_NUC, GOTREE_PNG, OUTBREAK_DETECTION, SNIPPY_CORE, MAKE_PARTITION_GUIDE, NFCORE_NEISSFLOW:NEISSFLOW:SPECIES_CHECK:COVERAGE, NFCORE_NEISSFLOW:NEISSFLOW:PREPROCESSING:PARSE_FASTP_REPORTS, NFCORE_NEISSFLOW:NEISSFLOW:PHYLOGENY:SNIPPY_CORE, FASTP, VARIANT_ANALYSIS, MERGE_REPORTS, NFCORE_NEISSFLOW:NEISSFLOW:PHYLOGENY:MAKE_PARTITION_GUIDE, SHOVILL, NFCORE_NEISSFLOW:NEISSFLOW:AMR_PROFILER:MLST, CLUSTER_COLORING, NFCORE_NEISSFLOW:NEISSFLOW:PHYLOGENY:OUTBREAK_DETECTION, NFCORE_NEISSFLOW:NEISSFLOW:PHYLOGENY:PHYLOGENY_QC, NFCORE_NEISSFLOW:NEISSFLOW:MULTIQC, QC_CHECK, NFCORE_NEISSFLOW:NEISSFLOW:AMR_PROFILER:BLASTN, ALT_SNIPPY, ASSEMBLY_STATS, BLASTN, NFCORE_NEISSFLOW:NEISSFLOW:ASSEMBLY:QUAST, NFCORE_NEISSFLOW:NEISSFLOW:ASSEMBLY:ASSEMBLY_STATS, NFCORE_NEISSFLOW:NEISSFLOW:AMR_PROFILER:MERGE_AMR, MERGE_SINGLE_AMR, NFCORE_NEISSFLOW:NEISSFLOW:INITIAL_MERGE, QUAST, NFCORE_NEISSFLOW:NEISSFLOW:AMR_PROFILER:VARIANT_ANALYSIS, NFCORE_NEISSFLOW:NEISSFLOW:PHYLOGENY:SNPDISTS, NFCORE_NEISSFLOW:NEISSFLOW:QC_CHECK, CHECK_FASTQS, NFCORE_NEISSFLOW:NEISSFLOW:PHYLOGENY:REROOT, PARSE_FASTP_REPORTS, FASTP_QC_CHECK, SNPDISTS, NFCORE_NEISSFLOW:NEISSFLOW:PREPROCESSING:FASTP, NFCORE_NEISSFLOW:NEISSFLOW:AMR_PROFILER:DEPTH, REMOVE_REF, NFCORE_NEISSFLOW:NEISSFLOW:PHYLOGENY:GUBBINS, NFCORE_NEISSFLOW:NEISSFLOW:AMR_PROFILER:MERGE_SINGLE_AMR, SNIPPY, ASSEMBLY_STATS_LITE, NFCORE_NEISSFLOW:NEISSFLOW:SNIPPY, COVERAGE, SNIPPY_CLEAN, STATS, GUBBINS, MULTIQC, RAXML, MASH, NFCORE_NEISSFLOW:NEISSFLOW:CHECK_FASTQS, NGMASTER, NFCORE_NEISSFLOW:NEISSFLOW:AMR_PROFILER:SNIPPY_AMR, NFCORE_NEISSFLOW:NEISSFLOW:PHYLOGENY:REPORT, NFCORE_NEISSFLOW:NEISSFLOW:SPECIES_CHECK:STATS, NFCORE_NEISSFLOW:NEISSFLOW:PHYLOGENY:CLUSTER_COLORING, SNIPPY_AMR, COUNT_MONO_NUC, MERGE_AMR, NFCORE_NEISSFLOW:NEISSFLOW:SPECIES_CHECK:MASH, MLST, NFCORE_NEISSFLOW:NEISSFLOW:SPECIES_CHECK:COMBINE_MASH_REPORTS, COMBINE_FASTP_REPORTS, NFCORE_NEISSFLOW:NEISSFLOW:PHYLOGENY:SNIPPY_CLEAN, REPORT, INITIAL_MERGE, NFCORE_NEISSFLOW:NEISSFLOW:PREPROCESSING:FASTP_QC_CHECK, NFCORE_NEISSFLOW:NEISSFLOW:PREPROCESSING:COMBINE_FASTP_REPORTS, COMBINE_MASH_REPORTS, NFCORE_NEISSFLOW:NEISSFLOW:MERGE_REPORTS, REROOT, NFCORE_NEISSFLOW:NEISSFLOW:PHYLOGENY:GOTREE_PNG, NFCORE_NEISSFLOW:NEISSFLOW:AMR_PROFILER:NGMASTER, NGMASTER_SIMPLE, PHYLOGENY_QC, DEPTH
Aug-14 13:21:49.797 [main] DEBUG nextflow.Session - Igniting dataflow network (72)
Aug-14 13:21:49.798 [main] DEBUG nextflow.processor.TaskProcessor - Starting process > NFCORE_NEISSFLOW:NEISSFLOW:CHECK_FASTQS
Aug-14 13:21:49.799 [main] DEBUG nextflow.processor.TaskProcessor - Starting process > NFCORE_NEISSFLOW:NEISSFLOW:PREPROCESSING:FASTP
Aug-14 13:21:49.799 [main] DEBUG nextflow.processor.TaskProcessor - Starting process > NFCORE_NEISSFLOW:NEISSFLOW:PREPROCESSING:PARSE_FASTP_REPORTS
Aug-14 13:21:49.799 [main] DEBUG nextflow.processor.TaskProcessor - Starting process > NFCORE_NEISSFLOW:NEISSFLOW:PREPROCESSING:COMBINE_FASTP_REPORTS
Aug-14 13:21:49.799 [main] DEBUG nextflow.processor.TaskProcessor - Starting process > NFCORE_NEISSFLOW:NEISSFLOW:PREPROCESSING:FASTP_QC_CHECK
Aug-14 13:21:49.799 [main] DEBUG nextflow.processor.TaskProcessor - Starting process > NFCORE_NEISSFLOW:NEISSFLOW:SNIPPY
Aug-14 13:21:49.799 [main] DEBUG nextflow.processor.TaskProcessor - Starting process > NFCORE_NEISSFLOW:NEISSFLOW:ASSEMBLY:ASSEMBLY_STATS
Aug-14 13:21:49.799 [main] DEBUG nextflow.processor.TaskProcessor - Starting process > NFCORE_NEISSFLOW:NEISSFLOW:ASSEMBLY:QUAST
Aug-14 13:21:49.799 [main] DEBUG nextflow.processor.TaskProcessor - Starting process > NFCORE_NEISSFLOW:NEISSFLOW:SPECIES_CHECK:MASH
Aug-14 13:21:49.799 [main] DEBUG nextflow.processor.TaskProcessor - Starting process > NFCORE_NEISSFLOW:NEISSFLOW:SPECIES_CHECK:COMBINE_MASH_REPORTS
Aug-14 13:21:49.799 [main] DEBUG nextflow.processor.TaskProcessor - Starting process > NFCORE_NEISSFLOW:NEISSFLOW:SPECIES_CHECK:STATS
Aug-14 13:21:49.799 [main] DEBUG nextflow.processor.TaskProcessor - Starting process > NFCORE_NEISSFLOW:NEISSFLOW:SPECIES_CHECK:COVERAGE
Aug-14 13:21:49.799 [main] DEBUG nextflow.processor.TaskProcessor - Starting process > NFCORE_NEISSFLOW:NEISSFLOW:INITIAL_MERGE
Aug-14 13:21:49.799 [main] DEBUG nextflow.processor.TaskProcessor - Starting process > NFCORE_NEISSFLOW:NEISSFLOW:QC_CHECK
Aug-14 13:21:49.804 [main] DEBUG nextflow.processor.TaskProcessor - Starting process > NFCORE_NEISSFLOW:NEISSFLOW:AMR_PROFILER:SNIPPY_AMR
Aug-14 13:21:49.804 [main] DEBUG nextflow.processor.TaskProcessor - Starting process > NFCORE_NEISSFLOW:NEISSFLOW:AMR_PROFILER:DEPTH
Aug-14 13:21:49.804 [main] DEBUG nextflow.processor.TaskProcessor - Starting process > NFCORE_NEISSFLOW:NEISSFLOW:AMR_PROFILER:VARIANT_ANALYSIS
Aug-14 13:21:49.805 [main] DEBUG nextflow.processor.TaskProcessor - Starting process > NFCORE_NEISSFLOW:NEISSFLOW:AMR_PROFILER:MLST
Aug-14 13:21:49.805 [main] DEBUG nextflow.processor.TaskProcessor - Starting process > NFCORE_NEISSFLOW:NEISSFLOW:AMR_PROFILER:NGMASTER
Aug-14 13:21:49.805 [main] DEBUG nextflow.processor.TaskProcessor - Starting process > NFCORE_NEISSFLOW:NEISSFLOW:AMR_PROFILER:BLASTN
Aug-14 13:21:49.805 [main] DEBUG nextflow.processor.TaskProcessor - Starting process > NFCORE_NEISSFLOW:NEISSFLOW:AMR_PROFILER:MERGE_SINGLE_AMR
Aug-14 13:21:49.805 [main] DEBUG nextflow.processor.TaskProcessor - Starting process > NFCORE_NEISSFLOW:NEISSFLOW:AMR_PROFILER:MERGE_AMR
Aug-14 13:21:49.805 [main] DEBUG nextflow.processor.TaskProcessor - Starting process > NFCORE_NEISSFLOW:NEISSFLOW:MERGE_REPORTS
Aug-14 13:21:49.805 [main] DEBUG nextflow.processor.TaskProcessor - Starting process > NFCORE_NEISSFLOW:NEISSFLOW:PHYLOGENY:SNIPPY_CORE
Aug-14 13:21:49.805 [main] DEBUG nextflow.processor.TaskProcessor - Starting process > NFCORE_NEISSFLOW:NEISSFLOW:PHYLOGENY:SNIPPY_CLEAN
Aug-14 13:21:49.805 [main] DEBUG nextflow.processor.TaskProcessor - Starting process > NFCORE_NEISSFLOW:NEISSFLOW:PHYLOGENY:GUBBINS
Aug-14 13:21:49.805 [main] DEBUG nextflow.processor.TaskProcessor - Starting process > NFCORE_NEISSFLOW:NEISSFLOW:PHYLOGENY:COUNT_MONO_NUC
Aug-14 13:21:49.805 [main] DEBUG nextflow.processor.TaskProcessor - Starting process > NFCORE_NEISSFLOW:NEISSFLOW:PHYLOGENY:SNPDISTS
Aug-14 13:21:49.805 [main] DEBUG nextflow.processor.TaskProcessor - Starting process > NFCORE_NEISSFLOW:NEISSFLOW:PHYLOGENY:OUTBREAK_DETECTION
Aug-14 13:21:49.805 [main] DEBUG nextflow.processor.TaskProcessor - Starting process > NFCORE_NEISSFLOW:NEISSFLOW:PHYLOGENY:CLUSTER_COLORING
Aug-14 13:21:49.805 [main] DEBUG nextflow.processor.TaskProcessor - Starting process > NFCORE_NEISSFLOW:NEISSFLOW:PHYLOGENY:MAKE_PARTITION_GUIDE
Aug-14 13:21:49.805 [main] DEBUG nextflow.processor.TaskProcessor - Starting process > NFCORE_NEISSFLOW:NEISSFLOW:PHYLOGENY:RAXML
Aug-14 13:21:49.805 [main] DEBUG nextflow.processor.TaskProcessor - Starting process > NFCORE_NEISSFLOW:NEISSFLOW:PHYLOGENY:REROOT
Aug-14 13:21:49.806 [main] DEBUG nextflow.processor.TaskProcessor - Starting process > NFCORE_NEISSFLOW:NEISSFLOW:PHYLOGENY:PHYLOGENY_QC
Aug-14 13:21:49.806 [main] DEBUG nextflow.processor.TaskProcessor - Starting process > NFCORE_NEISSFLOW:NEISSFLOW:PHYLOGENY:GOTREE_PNG
Aug-14 13:21:49.806 [main] DEBUG nextflow.processor.TaskProcessor - Starting process > NFCORE_NEISSFLOW:NEISSFLOW:PHYLOGENY:REPORT
Aug-14 13:21:49.806 [main] DEBUG nextflow.processor.TaskProcessor - Starting process > NFCORE_NEISSFLOW:NEISSFLOW:MULTIQC
Aug-14 13:21:49.808 [main] DEBUG nextflow.script.ScriptRunner - Parsed script files:
  Script_7bfd0abdceb0ab67: /home/cdcadmin/neissflow-dgx-updated/./workflows/../modules/local/qc_check/qc_check.nf
  Script_204765e73e8a7b6d: /home/cdcadmin/neissflow-dgx-updated/./workflows/../modules/local/check_fastqs.nf
  Script_063d4aa3571d67c4: /home/cdcadmin/neissflow-dgx-updated/./workflows/../subworkflows/local/preprocessing.nf
  Script_c5c706c0cf3fd9a3: /home/cdcadmin/neissflow-dgx-updated/./workflows/../subworkflows/local/../../modules/local/snippy_core.nf
  Script_2fc21e975812d304: /home/cdcadmin/neissflow-dgx-updated/./workflows/../modules/local/snippy.nf
  Script_c950ad672cad0574: /home/cdcadmin/neissflow-dgx-updated/./workflows/../subworkflows/local/assembly.nf
  Script_34a6e65ee7dbdbe0: /home/cdcadmin/neissflow-dgx-updated/./workflows/../subworkflows/local/utils_nfcore_neissflow_pipeline/../../nf-core/utils_nextflow_pipeline/main.nf
  Script_023bdd7ea5fa8e48: /home/cdcadmin/neissflow-dgx-updated/./workflows/../subworkflows/local/../../modules/local/cluster_coloring.nf
  Script_2e5348732a4e7bb0: /home/cdcadmin/neissflow-dgx-updated/./workflows/../subworkflows/local/../../modules/local/fastp/fastp_qc.nf
  Script_a7d371fe23db7aab: /home/cdcadmin/neissflow-dgx-updated/./subworkflows/local/utils_nfcore_neissflow_pipeline/../../nf-core/utils_nfvalidation_plugin/main.nf
  Script_47e10b5b1143796d: /home/cdcadmin/neissflow-dgx-updated/./workflows/../subworkflows/local/amr_profiler.nf
  Script_0f9ce5130b08a5d6: /home/cdcadmin/neissflow-dgx-updated/./workflows/../subworkflows/local/../../modules/local/stats/coverage.nf
  Script_d43a7ac6165a9098: /home/cdcadmin/neissflow-dgx-updated/./workflows/../subworkflows/local/../../modules/local/count_mono.nf
  Script_9d26c2a2d1c0a0de: /home/cdcadmin/neissflow-dgx-updated/./workflows/../subworkflows/local/phylogeny.nf
  Script_11299cb12a111d0f: /home/cdcadmin/neissflow-dgx-updated/./workflows/../modules/nf-core/multiqc/main.nf
  Script_250447df0c6ceda4: /home/cdcadmin/neissflow-dgx-updated/./workflows/../subworkflows/local/../../modules/local/fastp/fastp.nf
  Script_48a7912bd49586a6: /home/cdcadmin/neissflow-dgx-updated/./workflows/../subworkflows/local/../../modules/local/raxml.nf
  Script_2461d3355840ccb0: /home/cdcadmin/neissflow-dgx-updated/./workflows/../subworkflows/local/../../modules/local/fastp/parse_fastp.nf
  Script_0404e243efe28cd0: /home/cdcadmin/neissflow-dgx-updated/./workflows/../subworkflows/local/../../modules/local/make_guide.nf
  Script_322a87e3ad1d33ae: /home/cdcadmin/neissflow-dgx-updated/./workflows/../subworkflows/local/../../modules/nf-core/quast/main.nf
  Script_bf5df7856be3ba1b: /home/cdcadmin/neissflow-dgx-updated/./workflows/../subworkflows/local/../../modules/local/fastp/combine_reports.nf
  Script_a770572eb6fe426e: /home/cdcadmin/neissflow-dgx-updated/./workflows/../subworkflows/local/../../modules/local/mash/mash.nf
  Script_26295e483898a217: /home/cdcadmin/neissflow-dgx-updated/./workflows/../subworkflows/local/../../modules/local/reroot.nf
  Script_ac97c488bf8f3054: /home/cdcadmin/neissflow-dgx-updated/./workflows/../subworkflows/local/../../modules/local/blastn.nf
  Script_767f800d4dcf57d3: /home/cdcadmin/neissflow-dgx-updated/main.nf
  Script_1d7e4826bfc1b7ac: /home/cdcadmin/neissflow-dgx-updated/./workflows/../subworkflows/local/../../modules/local/phylogeny_qc.nf
  Script_5ac47bad11aadf90: /home/cdcadmin/neissflow-dgx-updated/./workflows/../subworkflows/local/../../modules/local/assembly_stats_lite.nf
  Script_a91022202ff9beb3: /home/cdcadmin/neissflow-dgx-updated/./workflows/../subworkflows/local/../../modules/local/stats/stats.nf
  Script_b46a7490731f48c6: /home/cdcadmin/neissflow-dgx-updated/./subworkflows/local/utils_nfcore_neissflow_pipeline/../../nf-core/utils_nfcore_pipeline/main.nf
  Script_bd43f9ee392a3b1b: /home/cdcadmin/neissflow-dgx-updated/./workflows/../subworkflows/local/../../modules/local/variant_analysis.nf
  Script_76e9ac96a6c60717: /home/cdcadmin/neissflow-dgx-updated/./workflows/../subworkflows/local/../../modules/local/report.nf
  Script_2b7779e2cd301515: /home/cdcadmin/neissflow-dgx-updated/./workflows/../subworkflows/local/../../modules/local/depth.nf
  Script_033e739b8102f047: /home/cdcadmin/neissflow-dgx-updated/./workflows/../subworkflows/local/../../modules/local/remove_ref.nf
  Script_4b63fbc6a15d283a: /home/cdcadmin/neissflow-dgx-updated/./workflows/../subworkflows/local/../../modules/local/mash/combine_mash_reports.nf
  Script_33367bc071872c31: /home/cdcadmin/neissflow-dgx-updated/./workflows/../modules/local/merge/merge.nf
  Script_30d352b9a5a897a7: /home/cdcadmin/neissflow-dgx-updated/./workflows/QC.nf
  Script_fdaa13a6811edfd4: /home/cdcadmin/neissflow-dgx-updated/./workflows/../subworkflows/local/../../modules/local/outbreak_detection.nf
  Script_0095e29189085f89: /home/cdcadmin/neissflow-dgx-updated/./workflows/../subworkflows/local/../../modules/local/merge_single_amr.nf
  Script_25784a6cc3904f81: /home/cdcadmin/neissflow-dgx-updated/./workflows/../subworkflows/local/../../modules/local/gubbins.nf
  Script_2e8b63203ad4b51b: /home/cdcadmin/neissflow-dgx-updated/./workflows/../modules/local/qc_check/initial_merge.nf
  Script_228dd5752694ad41: /home/cdcadmin/neissflow-dgx-updated/./subworkflows/local/utils_nfcore_neissflow_pipeline/main.nf
  Script_38cc6e893a8cae21: /home/cdcadmin/neissflow-dgx-updated/./workflows/../subworkflows/local/../../modules/local/ngmaster.nf
  Script_0b2d93f493e59690: /home/cdcadmin/neissflow-dgx-updated/./workflows/../subworkflows/local/../../modules/local/snippy_amr.nf
  Script_1e2146212cf8b055: /home/cdcadmin/neissflow-dgx-updated/./workflows/../subworkflows/local/../../modules/local/merge_amr.nf
  Script_b691b9ae3f2e1f32: /home/cdcadmin/neissflow-dgx-updated/./workflows/neissflow.nf
  Script_ca5a55261753f5ac: /home/cdcadmin/neissflow-dgx-updated/./workflows/../subworkflows/local/../../modules/local/snippy_clean.nf
  Script_6ca550f3f0c7dc72: /home/cdcadmin/neissflow-dgx-updated/./workflows/../subworkflows/local/../../modules/local/ngmaster_simple.nf
  Script_c00eb8d86f7b528a: /home/cdcadmin/neissflow-dgx-updated/./workflows/../subworkflows/local/species_check.nf
  Script_38723cf1683a6e5a: /home/cdcadmin/neissflow-dgx-updated/./workflows/../subworkflows/local/../../modules/local/snpdists.nf
  Script_f5ba4a26a69155a6: /home/cdcadmin/neissflow-dgx-updated/./workflows/../subworkflows/local/../../modules/local/mlst.nf
  Script_7c51e170deb228c8: /home/cdcadmin/neissflow-dgx-updated/./workflows/../subworkflows/local/../../modules/local/spades/assembly_stats.nf
  Script_24f51f409caeb2a8: /home/cdcadmin/neissflow-dgx-updated/./workflows/../subworkflows/local/../../modules/local/shovill.nf
  Script_28616a6258761e81: /home/cdcadmin/neissflow-dgx-updated/./workflows/../subworkflows/local/../../modules/local/gotree.nf
Aug-14 13:21:49.808 [main] DEBUG nextflow.script.ScriptRunner - > Awaiting termination 
Aug-14 13:21:49.808 [main] DEBUG nextflow.Session - Session await
Aug-14 13:21:49.867 [Actor Thread 114] DEBUG nextflow.container.SingularityCache - Singularity found local store for image=https://depot.galaxyproject.org/singularity/centos:7.9.2009; path=/home/cdcadmin/.singularity/cache/depot.galaxyproject.org-singularity-centos-7.9.2009.img
Aug-14 13:21:49.872 [Actor Thread 124] DEBUG nextflow.sort.BigSort - Sort completed -- entries: 1; slices: 1; internal sort time: 0.001 s; external sort time: 0.01 s; total time: 0.011 s
Aug-14 13:21:49.872 [Actor Thread 115] DEBUG nextflow.sort.BigSort - Sort completed -- entries: 1; slices: 1; internal sort time: 0.001 s; external sort time: 0.01 s; total time: 0.011 s
Aug-14 13:21:49.873 [Actor Thread 124] DEBUG nextflow.file.FileCollector - >> temp file exists? false
Aug-14 13:21:49.873 [Actor Thread 124] DEBUG nextflow.file.FileCollector - Missed collect-file cache -- cause: java.nio.file.NoSuchFileException: /home/cdcadmin/neissflow-dgx-updated/work/collect-file/2e7ce34b11fb7a2fed3b8365b8031b11
Aug-14 13:21:49.873 [Actor Thread 115] DEBUG nextflow.file.FileCollector - >> temp file exists? false
Aug-14 13:21:49.873 [Actor Thread 115] DEBUG nextflow.file.FileCollector - Missed collect-file cache -- cause: java.nio.file.NoSuchFileException: /home/cdcadmin/neissflow-dgx-updated/work/collect-file/42bba693364568b1e7c2c029e008bf4b
Aug-14 13:21:49.876 [Actor Thread 115] DEBUG nextflow.file.FileCollector - Saved collect-files list to: /home/cdcadmin/neissflow-dgx-updated/work/collect-file/42bba693364568b1e7c2c029e008bf4b
Aug-14 13:21:49.876 [Actor Thread 124] DEBUG nextflow.file.FileCollector - Saved collect-files list to: /home/cdcadmin/neissflow-dgx-updated/work/collect-file/2e7ce34b11fb7a2fed3b8365b8031b11
Aug-14 13:21:49.882 [Actor Thread 115] DEBUG nextflow.file.FileCollector - Deleting file collector temp dir: /tmp/nxf-6351448083777643869
Aug-14 13:21:49.882 [Actor Thread 124] DEBUG nextflow.file.FileCollector - Deleting file collector temp dir: /tmp/nxf-7786455477652646147
Aug-14 13:21:49.907 [Actor Thread 123] INFO  nextflow.processor.TaskProcessor - [cd/91423d] Cached process > NFCORE_NEISSFLOW:NEISSFLOW:CHECK_FASTQS (ERR9668843)
Aug-14 13:21:49.907 [Actor Thread 119] INFO  nextflow.processor.TaskProcessor - [cd/670dc2] Cached process > NFCORE_NEISSFLOW:NEISSFLOW:CHECK_FASTQS (ERR9668844)
Aug-14 13:21:49.930 [Actor Thread 115] DEBUG nextflow.container.SingularityCache - Singularity found local store for image=https://depot.galaxyproject.org/singularity/fastp%3A0.23.4--hadf994f_2; path=/home/cdcadmin/.singularity/cache/depot.galaxyproject.org-singularity-fastp%3A0.23.4--hadf994f_2.img
Aug-14 13:21:49.947 [Actor Thread 127] INFO  nextflow.processor.TaskProcessor - [cf/456e59] Cached process > NFCORE_NEISSFLOW:NEISSFLOW:PREPROCESSING:FASTP (ERR9668844)
Aug-14 13:21:49.947 [Actor Thread 114] INFO  nextflow.processor.TaskProcessor - [44/dbd94d] Cached process > NFCORE_NEISSFLOW:NEISSFLOW:PREPROCESSING:FASTP (ERR9668843)
Aug-14 13:21:49.956 [Actor Thread 126] DEBUG nextflow.container.SingularityCache - Singularity found local store for image=https://depot.galaxyproject.org/singularity/python%3A3.7; path=/home/cdcadmin/.singularity/cache/depot.galaxyproject.org-singularity-python%3A3.7.img
Aug-14 13:21:49.962 [Actor Thread 114] DEBUG nextflow.util.ThreadPoolBuilder - Creating thread pool 'PublishDir' minSize=10; maxSize=384; workQueue=LinkedBlockingQueue[10000]; allowCoreThreadTimeout=false
Aug-14 13:21:49.969 [Actor Thread 118] INFO  nextflow.processor.TaskProcessor - [39/3546cc] Cached process > NFCORE_NEISSFLOW:NEISSFLOW:PREPROCESSING:PARSE_FASTP_REPORTS (ERR9668844)
Aug-14 13:21:49.969 [Actor Thread 115] INFO  nextflow.processor.TaskProcessor - [04/ae655a] Cached process > NFCORE_NEISSFLOW:NEISSFLOW:PREPROCESSING:PARSE_FASTP_REPORTS (ERR9668843)
Aug-14 13:21:49.980 [Actor Thread 115] INFO  nextflow.processor.TaskProcessor - [3d/e15ca1] Cached process > NFCORE_NEISSFLOW:NEISSFLOW:PREPROCESSING:COMBINE_FASTP_REPORTS
Aug-14 13:21:49.993 [Actor Thread 126] INFO  nextflow.processor.TaskProcessor - [0b/4a771d] Cached process > NFCORE_NEISSFLOW:NEISSFLOW:PREPROCESSING:FASTP_QC_CHECK
Aug-14 13:21:50.002 [Actor Thread 117] DEBUG nextflow.container.SingularityCache - Singularity found local store for image=https://depot.galaxyproject.org/singularity/mash:2.3--he348c14_1; path=/home/cdcadmin/.singularity/cache/depot.galaxyproject.org-singularity-mash-2.3--he348c14_1.img
Aug-14 13:21:50.008 [Actor Thread 117] INFO  nextflow.container.SingularityCache - Pulling Singularity image https://depot.galaxyproject.org/singularity/snippy:4.6.0--hdfd78af_2 [cache /home/cdcadmin/.singularity/cache/depot.galaxyproject.org-singularity-snippy-4.6.0--hdfd78af_2.img]
Aug-14 13:21:50.060 [Task submitter] DEBUG n.executor.local.LocalTaskHandler - Launch cmd line: /bin/bash -ue .command.run
Aug-14 13:21:50.061 [Task submitter] INFO  nextflow.Session - [69/6cc262] Submitted process > NFCORE_NEISSFLOW:NEISSFLOW:SPECIES_CHECK:MASH (ERR9668844)
Aug-14 13:21:50.069 [Task submitter] DEBUG n.executor.local.LocalTaskHandler - Launch cmd line: /bin/bash -ue .command.run
Aug-14 13:21:50.070 [Task submitter] INFO  nextflow.Session - [41/96a8af] Submitted process > NFCORE_NEISSFLOW:NEISSFLOW:SPECIES_CHECK:MASH (ERR9668843)
Aug-14 13:22:28.703 [Task monitor] DEBUG n.processor.TaskPollingMonitor - Task completed > TaskHandler[id: 11; name: NFCORE_NEISSFLOW:NEISSFLOW:SPECIES_CHECK:MASH (ERR9668844); status: COMPLETED; exit: 0; error: -; workDir: /home/cdcadmin/neissflow-dgx-updated/work/69/6cc2622144e7279d42776f2795516c]
Aug-14 13:22:28.704 [Task monitor] DEBUG nextflow.util.ThreadPoolBuilder - Creating thread pool 'TaskFinalizer' minSize=10; maxSize=384; workQueue=LinkedBlockingQueue[10000]; allowCoreThreadTimeout=false
Aug-14 13:22:31.504 [Task monitor] DEBUG n.processor.TaskPollingMonitor - Task completed > TaskHandler[id: 10; name: NFCORE_NEISSFLOW:NEISSFLOW:SPECIES_CHECK:MASH (ERR9668843); status: COMPLETED; exit: 0; error: -; workDir: /home/cdcadmin/neissflow-dgx-updated/work/41/96a8af021ce6ae37427cfc9545bf98]
Aug-14 13:22:31.526 [Task submitter] DEBUG n.executor.local.LocalTaskHandler - Launch cmd line: /bin/bash -ue .command.run
Aug-14 13:22:31.526 [Task submitter] INFO  nextflow.Session - [f3/d95792] Submitted process > NFCORE_NEISSFLOW:NEISSFLOW:SPECIES_CHECK:COMBINE_MASH_REPORTS
Aug-14 13:22:31.898 [Task monitor] DEBUG n.processor.TaskPollingMonitor - Task completed > TaskHandler[id: 13; name: NFCORE_NEISSFLOW:NEISSFLOW:SPECIES_CHECK:COMBINE_MASH_REPORTS; status: COMPLETED; exit: 0; error: -; workDir: /home/cdcadmin/neissflow-dgx-updated/work/f3/d95792a578b14d873f536a2de22475]
Aug-14 13:26:56.941 [Task monitor] DEBUG n.processor.TaskPollingMonitor - !! executor local > No more task to compute -- The following nodes are still active:
[process] NFCORE_NEISSFLOW:NEISSFLOW:SNIPPY
  status=ACTIVE
  port 0: (queue) closed; channel: -
  port 1: (value) bound ; channel: ref
  port 2: (cntrl) -     ; channel: $

[process] NFCORE_NEISSFLOW:NEISSFLOW:SPECIES_CHECK:STATS
  status=ACTIVE
  port 0: (queue) OPEN  ; channel: -
  port 1: (cntrl) -     ; channel: $

[process] NFCORE_NEISSFLOW:NEISSFLOW:SPECIES_CHECK:COVERAGE
  status=ACTIVE
  port 0: (value) OPEN  ; channel: stat_out
  port 1: (value) bound ; channel: prefix
  port 2: (cntrl) -     ; channel: $

[process] NFCORE_NEISSFLOW:NEISSFLOW:AMR_PROFILER:DEPTH
  status=ACTIVE
  port 0: (queue) OPEN  ; channel: -
  port 1: (cntrl) -     ; channel: $

[process] NFCORE_NEISSFLOW:NEISSFLOW:AMR_PROFILER:VARIANT_ANALYSIS
  status=ACTIVE
  port 0: (queue) OPEN  ; channel: -
  port 1: (cntrl) -     ; channel: $

[process] NFCORE_NEISSFLOW:NEISSFLOW:AMR_PROFILER:MERGE_SINGLE_AMR
  status=ACTIVE
  port 0: (queue) OPEN  ; channel: -
  port 1: (cntrl) -     ; channel: $

[process] NFCORE_NEISSFLOW:NEISSFLOW:AMR_PROFILER:MERGE_AMR
  status=ACTIVE
  port 0: (value) OPEN  ; channel: amr_reports
  port 1: (value) OPEN  ; channel: depth_reports
  port 2: (value) bound ; channel: prefix
  port 3: (cntrl) -     ; channel: $

[process] NFCORE_NEISSFLOW:NEISSFLOW:PHYLOGENY:SNIPPY_CORE
  status=ACTIVE
  port 0: (value) OPEN  ; channel: vcf
  port 1: (value) OPEN  ; channel: aligned_fa
  port 2: (value) bound ; channel: ref
  port 3: (cntrl) -     ; channel: $

[process] NFCORE_NEISSFLOW:NEISSFLOW:PHYLOGENY:SNIPPY_CLEAN
  status=ACTIVE
  port 0: (value) OPEN  ; channel: full_aln
  port 1: (cntrl) -     ; channel: $

[process] NFCORE_NEISSFLOW:NEISSFLOW:PHYLOGENY:GUBBINS
  status=ACTIVE
  port 0: (value) OPEN  ; channel: clean_full_aln
  port 1: (cntrl) -     ; channel: $

[process] NFCORE_NEISSFLOW:NEISSFLOW:PHYLOGENY:COUNT_MONO_NUC
  status=ACTIVE
  port 0: (value) OPEN  ; channel: clean_full_aln
  port 1: (cntrl) -     ; channel: $

[process] NFCORE_NEISSFLOW:NEISSFLOW:PHYLOGENY:SNPDISTS
  status=ACTIVE
  port 0: (value) OPEN  ; channel: alignment
  port 1: (cntrl) -     ; channel: $

[process] NFCORE_NEISSFLOW:NEISSFLOW:PHYLOGENY:OUTBREAK_DETECTION
  status=ACTIVE
  port 0: (value) OPEN  ; channel: snp_matrix
  port 1: (cntrl) -     ; channel: $

[process] NFCORE_NEISSFLOW:NEISSFLOW:PHYLOGENY:CLUSTER_COLORING
  status=ACTIVE
  port 0: (value) OPEN  ; channel: clusters
  port 1: (cntrl) -     ; channel: $

[process] NFCORE_NEISSFLOW:NEISSFLOW:PHYLOGENY:MAKE_PARTITION_GUIDE
  status=ACTIVE
  port 0: (value) OPEN  ; channel: phylip
  port 1: (value) OPEN  ; channel: monomorphic_nuc_vals
  port 2: (cntrl) -     ; channel: $

[process] NFCORE_NEISSFLOW:NEISSFLOW:PHYLOGENY:RAXML
  status=ACTIVE
  port 0: (value) OPEN  ; channel: phylip
  port 1: (value) OPEN  ; channel: partition_guide
  port 2: (cntrl) -     ; channel: $

[process] NFCORE_NEISSFLOW:NEISSFLOW:PHYLOGENY:REROOT
  status=ACTIVE
  port 0: (value) OPEN  ; channel: best_tree
  port 1: (cntrl) -     ; channel: $

[process] NFCORE_NEISSFLOW:NEISSFLOW:PHYLOGENY:PHYLOGENY_QC
  status=ACTIVE
  port 0: (value) OPEN  ; channel: align
  port 1: (value) OPEN  ; channel: tree
  port 2: (value) OPEN  ; channel: sample_list
  port 3: (value) OPEN  ; channel: mono_nuc
  port 4: (cntrl) -     ; channel: $

[process] NFCORE_NEISSFLOW:NEISSFLOW:PHYLOGENY:GOTREE_PNG
  status=ACTIVE
  port 0: (value) OPEN  ; channel: rerooted
  port 1: (value) OPEN  ; channel: annotation
  port 2: (cntrl) -     ; channel: $

[process] NFCORE_NEISSFLOW:NEISSFLOW:PHYLOGENY:REPORT
  status=ACTIVE
  port 0: (value) OPEN  ; channel: png
  port 1: (value) OPEN  ; channel: isolate_clusters
  port 2: (cntrl) -     ; channel: $

[process] NFCORE_NEISSFLOW:NEISSFLOW:MULTIQC
  status=ACTIVE
  port 0: (value) OPEN  ; channel: multiqc_files
  port 1: (value) bound ; channel: multiqc_config
  port 2: (value) bound ; channel: extra_multiqc_config
  port 3: (value) bound ; channel: multiqc_logo
  port 4: (cntrl) -     ; channel: $

Aug-14 13:31:56.974 [Task monitor] DEBUG n.processor.TaskPollingMonitor - !! executor local > No more task to compute -- The following nodes are still active:
[process] NFCORE_NEISSFLOW:NEISSFLOW:SNIPPY
  status=ACTIVE
  port 0: (queue) closed; channel: -
  port 1: (value) bound ; channel: ref
  port 2: (cntrl) -     ; channel: $

[process] NFCORE_NEISSFLOW:NEISSFLOW:SPECIES_CHECK:STATS
  status=ACTIVE
  port 0: (queue) OPEN  ; channel: -
  port 1: (cntrl) -     ; channel: $

[process] NFCORE_NEISSFLOW:NEISSFLOW:SPECIES_CHECK:COVERAGE
  status=ACTIVE
  port 0: (value) OPEN  ; channel: stat_out
  port 1: (value) bound ; channel: prefix
  port 2: (cntrl) -     ; channel: $

[process] NFCORE_NEISSFLOW:NEISSFLOW:AMR_PROFILER:DEPTH
  status=ACTIVE
  port 0: (queue) OPEN  ; channel: -
  port 1: (cntrl) -     ; channel: $

[process] NFCORE_NEISSFLOW:NEISSFLOW:AMR_PROFILER:VARIANT_ANALYSIS
  status=ACTIVE
  port 0: (queue) OPEN  ; channel: -
  port 1: (cntrl) -     ; channel: $

[process] NFCORE_NEISSFLOW:NEISSFLOW:AMR_PROFILER:MERGE_SINGLE_AMR
  status=ACTIVE
  port 0: (queue) OPEN  ; channel: -
  port 1: (cntrl) -     ; channel: $

[process] NFCORE_NEISSFLOW:NEISSFLOW:AMR_PROFILER:MERGE_AMR
  status=ACTIVE
  port 0: (value) OPEN  ; channel: amr_reports
  port 1: (value) OPEN  ; channel: depth_reports
  port 2: (value) bound ; channel: prefix
  port 3: (cntrl) -     ; channel: $

[process] NFCORE_NEISSFLOW:NEISSFLOW:PHYLOGENY:SNIPPY_CORE
  status=ACTIVE
  port 0: (value) OPEN  ; channel: vcf
  port 1: (value) OPEN  ; channel: aligned_fa
  port 2: (value) bound ; channel: ref
  port 3: (cntrl) -     ; channel: $

[process] NFCORE_NEISSFLOW:NEISSFLOW:PHYLOGENY:SNIPPY_CLEAN
  status=ACTIVE
  port 0: (value) OPEN  ; channel: full_aln
  port 1: (cntrl) -     ; channel: $

[process] NFCORE_NEISSFLOW:NEISSFLOW:PHYLOGENY:GUBBINS
  status=ACTIVE
  port 0: (value) OPEN  ; channel: clean_full_aln
  port 1: (cntrl) -     ; channel: $

[process] NFCORE_NEISSFLOW:NEISSFLOW:PHYLOGENY:COUNT_MONO_NUC
  status=ACTIVE
  port 0: (value) OPEN  ; channel: clean_full_aln
  port 1: (cntrl) -     ; channel: $

[process] NFCORE_NEISSFLOW:NEISSFLOW:PHYLOGENY:SNPDISTS
  status=ACTIVE
  port 0: (value) OPEN  ; channel: alignment
  port 1: (cntrl) -     ; channel: $

[process] NFCORE_NEISSFLOW:NEISSFLOW:PHYLOGENY:OUTBREAK_DETECTION
  status=ACTIVE
  port 0: (value) OPEN  ; channel: snp_matrix
  port 1: (cntrl) -     ; channel: $

[process] NFCORE_NEISSFLOW:NEISSFLOW:PHYLOGENY:CLUSTER_COLORING
  status=ACTIVE
  port 0: (value) OPEN  ; channel: clusters
  port 1: (cntrl) -     ; channel: $

[process] NFCORE_NEISSFLOW:NEISSFLOW:PHYLOGENY:MAKE_PARTITION_GUIDE
  status=ACTIVE
  port 0: (value) OPEN  ; channel: phylip
  port 1: (value) OPEN  ; channel: monomorphic_nuc_vals
  port 2: (cntrl) -     ; channel: $

[process] NFCORE_NEISSFLOW:NEISSFLOW:PHYLOGENY:RAXML
  status=ACTIVE
  port 0: (value) OPEN  ; channel: phylip
  port 1: (value) OPEN  ; channel: partition_guide
  port 2: (cntrl) -     ; channel: $

[process] NFCORE_NEISSFLOW:NEISSFLOW:PHYLOGENY:REROOT
  status=ACTIVE
  port 0: (value) OPEN  ; channel: best_tree
  port 1: (cntrl) -     ; channel: $

[process] NFCORE_NEISSFLOW:NEISSFLOW:PHYLOGENY:PHYLOGENY_QC
  status=ACTIVE
  port 0: (value) OPEN  ; channel: align
  port 1: (value) OPEN  ; channel: tree
  port 2: (value) OPEN  ; channel: sample_list
  port 3: (value) OPEN  ; channel: mono_nuc
  port 4: (cntrl) -     ; channel: $

[process] NFCORE_NEISSFLOW:NEISSFLOW:PHYLOGENY:GOTREE_PNG
  status=ACTIVE
  port 0: (value) OPEN  ; channel: rerooted
  port 1: (value) OPEN  ; channel: annotation
  port 2: (cntrl) -     ; channel: $

[process] NFCORE_NEISSFLOW:NEISSFLOW:PHYLOGENY:REPORT
  status=ACTIVE
  port 0: (value) OPEN  ; channel: png
  port 1: (value) OPEN  ; channel: isolate_clusters
  port 2: (cntrl) -     ; channel: $

[process] NFCORE_NEISSFLOW:NEISSFLOW:MULTIQC
  status=ACTIVE
  port 0: (value) OPEN  ; channel: multiqc_files
  port 1: (value) bound ; channel: multiqc_config
  port 2: (value) bound ; channel: extra_multiqc_config
  port 3: (value) bound ; channel: multiqc_logo
  port 4: (cntrl) -     ; channel: $

Aug-14 13:33:12.192 [Actor Thread 117] DEBUG nextflow.container.SingularityCache - Singularity pull complete image=https://depot.galaxyproject.org/singularity/snippy:4.6.0--hdfd78af_2 path=/home/cdcadmin/.singularity/cache/depot.galaxyproject.org-singularity-snippy-4.6.0--hdfd78af_2.img
Aug-14 13:33:12.204 [Task submitter] DEBUG n.executor.local.LocalTaskHandler - Launch cmd line: /bin/bash -ue .command.run
Aug-14 13:33:12.205 [Task submitter] INFO  nextflow.Session - [e9/8020e6] Submitted process > NFCORE_NEISSFLOW:NEISSFLOW:SNIPPY (ERR9668844)
Aug-14 13:33:12.212 [Task submitter] DEBUG n.executor.local.LocalTaskHandler - Launch cmd line: /bin/bash -ue .command.run
Aug-14 13:33:12.212 [Task submitter] INFO  nextflow.Session - [31/f0498c] Submitted process > NFCORE_NEISSFLOW:NEISSFLOW:SNIPPY (ERR9668843)
Aug-14 13:33:17.644 [Task monitor] DEBUG n.processor.TaskPollingMonitor - Task completed > TaskHandler[id: 12; name: NFCORE_NEISSFLOW:NEISSFLOW:SNIPPY (ERR9668844); status: COMPLETED; exit: 2; error: -; workDir: /home/cdcadmin/neissflow-dgx-updated/work/e9/8020e647c578bbdfdf20cc867c26e2]
Aug-14 13:33:17.647 [TaskFinalizer-4] DEBUG nextflow.processor.TaskProcessor - Handling unexpected condition for
  task: name=NFCORE_NEISSFLOW:NEISSFLOW:SNIPPY (ERR9668844); work-dir=/home/cdcadmin/neissflow-dgx-updated/work/e9/8020e647c578bbdfdf20cc867c26e2
  error [nextflow.exception.ProcessFailedException]: Process `NFCORE_NEISSFLOW:NEISSFLOW:SNIPPY (ERR9668844)` terminated with an error exit status (2)
Aug-14 13:33:17.662 [Task monitor] DEBUG n.processor.TaskPollingMonitor - Task completed > TaskHandler[id: 9; name: NFCORE_NEISSFLOW:NEISSFLOW:SNIPPY (ERR9668843); status: COMPLETED; exit: 2; error: -; workDir: /home/cdcadmin/neissflow-dgx-updated/work/31/f0498ccad0c904b9ec45929f2b6bc5]
Aug-14 13:33:17.664 [TaskFinalizer-4] ERROR nextflow.processor.TaskProcessor - Error executing process > 'NFCORE_NEISSFLOW:NEISSFLOW:SNIPPY (ERR9668844)'

Caused by:
  Process `NFCORE_NEISSFLOW:NEISSFLOW:SNIPPY (ERR9668844)` terminated with an error exit status (2)


Command executed:

  # Set TMPDIR if not already set
  export TMPDIR=${TMPDIR:-$PWD/tmp}
  mkdir -p $TMPDIR
  
  filename=FA19.gb
  outdir="${filename%.*}"
  
  snippy --cpus 24 --prefix ERR9668844 --outdir ${outdir}/ERR9668844 --ref FA19.gb --R1 ERR9668844_1.fastq.gz --R2 ERR9668844_2.fastq.gz --tmpdir $TMPDIR --minfrac 0.9 --basequal 20
  
  cat <<-END_VERSIONS > versions.yml
  "NFCORE_NEISSFLOW:NEISSFLOW:SNIPPY":
      snippy: $(snippy --version 2>/dev/null | sed 's/snippy //' || echo "unknown")
  END_VERSIONS

Command exit status:
  2

Command output:
  (empty)

Command error:
  [13:33:12] This is snippy 4.6.0
  [13:33:12] Written by Torsten Seemann
  [13:33:12] Obtained from https://github.com/tseemann/snippy
  [13:33:12] Detected operating system: linux
  [13:33:12] Enabling bundled linux tools.
  [13:33:12] Found bwa - /usr/local/bin/bwa
  [13:33:12] Found bcftools - /usr/local/bin/bcftools
  [13:33:12] Found samtools - /usr/local/bin/samtools
  [13:33:12] Found java - /usr/local/bin/java
  [13:33:12] Found snpEff - /usr/local/bin/snpEff
  [13:33:12] Found samclip - /usr/local/bin/samclip
  [13:33:12] Found seqtk - /usr/local/bin/seqtk
  [13:33:12] Found parallel - /usr/local/bin/parallel
  [13:33:12] Found freebayes - /usr/local/bin/freebayes
  [13:33:12] Found freebayes-parallel - /usr/local/bin/freebayes-parallel
  [13:33:12] Found fasta_generate_regions.py - /usr/local/bin/fasta_generate_regions.py
  [13:33:12] Found vcfstreamsort - /usr/local/bin/vcfstreamsort
  [13:33:12] Found vcfuniq - /usr/local/bin/vcfuniq
  [13:33:12] Found vcffirstheader - /usr/local/bin/vcffirstheader
  [13:33:12] Found gzip - /bin/gzip
  [13:33:12] Found vt - /usr/local/bin/vt
  [13:33:12] Found snippy-vcf_to_tab - /usr/local/bin/snippy-vcf_to_tab
  [13:33:12] Found snippy-vcf_report - /usr/local/bin/snippy-vcf_report
  [13:33:12] Checking version: samtools --version is >= 1.7 - ok, have 1.15
  [13:33:12] Checking version: bcftools --version is >= 1.7 - ok, have 1.15
  [13:33:12] Checking version: freebayes --version is >= 1.1 - ok, have 1.3.6
  [13:33:13] Checking version: snpEff -version is >= 4.3 - ok, have 5.1
  [13:33:13] Checking version: bwa is >= 0.7.12 - ok, have 0.7.17
  [13:33:13] Using reference: /home/cdcadmin/neissflow-dgx-updated/assets/FA19.gb
  [13:33:13] Treating reference as 'genbank' format.
  [13:33:13] Will use 24 CPU cores.
  [13:33:13] Using read file: /home/cdcadmin/neissflow-dgx-updated/work/cf/456e599bc78a4d562ae56a8a89f54b/ERR9668844/ERR9668844_1.fastq.gz
  [13:33:13] Using read file: /home/cdcadmin/neissflow-dgx-updated/work/cf/456e599bc78a4d562ae56a8a89f54b/ERR9668844/ERR9668844_2.fastq.gz
  [13:33:13] Creating folder: FA19/ERR9668844
  [13:33:13] Changing working directory: FA19/ERR9668844
  [13:33:13] Creating reference folder: reference
  [13:33:13] Extracting FASTA and GFF from reference.
  [13:33:14] Wrote 1 sequences to ref.fa
  [13:33:14] Wrote 2289 features to ref.gff
  [13:33:14] Creating reference/snpeff.config
  [13:33:14] Freebayes will process 47 chunks of 48290 bp, 24 chunks at a time.
  [13:33:14] Using BAM RG (Read Group) ID: ERR9668844
  [13:33:14] Running: samtools faidx reference/ref.fa 2>> ERR9668844.log
  [13:33:14] Running: bwa index reference/ref.fa 2>> ERR9668844.log
  [13:33:14] Running: mkdir -p reference/genomes && cp -f reference/ref.fa reference/genomes/ref.fa 2>> ERR9668844.log
  [13:33:14] Running: ln -sf reference/ref.fa . 2>> ERR9668844.log
  [13:33:14] Running: ln -sf reference/ref.fa.fai . 2>> ERR9668844.log
  [13:33:14] Running: mkdir -p reference/ref && gzip -c reference/ref.gff > reference/ref/genes.gff.gz 2>> ERR9668844.log
  [13:33:14] Running: snpEff build -c reference/snpeff.config -dataDir . -gff3 ref 2>> ERR9668844.log
  [13:33:17] Error running command, check FA19/ERR9668844/ERR9668844.log

Work dir:
  /home/cdcadmin/neissflow-dgx-updated/work/e9/8020e647c578bbdfdf20cc867c26e2

Tip: when you have fixed the problem you can continue the execution adding the option `-resume` to the run command line
Aug-14 13:33:17.665 [TaskFinalizer-5] DEBUG nextflow.processor.TaskProcessor - Handling unexpected condition for
  task: name=NFCORE_NEISSFLOW:NEISSFLOW:SNIPPY (ERR9668843); work-dir=/home/cdcadmin/neissflow-dgx-updated/work/31/f0498ccad0c904b9ec45929f2b6bc5
  error [nextflow.exception.ProcessFailedException]: Process `NFCORE_NEISSFLOW:NEISSFLOW:SNIPPY (ERR9668843)` terminated with an error exit status (2)
Aug-14 13:33:17.668 [TaskFinalizer-4] INFO  nextflow.Session - Execution cancelled -- Finishing pending tasks before exit
Aug-14 13:33:17.670 [TaskFinalizer-4] ERROR nextflow.Nextflow - Pipeline failed. Please refer to troubleshooting docs: https://nf-co.re/docs/usage/troubleshooting
Aug-14 13:33:17.671 [main] DEBUG nextflow.Session - Session await > all processes finished
Aug-14 13:33:17.671 [Task monitor] DEBUG n.processor.TaskPollingMonitor - <<< barrier arrives (monitor: local) - terminating tasks monitor poll loop
Aug-14 13:33:17.671 [main] DEBUG nextflow.Session - Session await > all barriers passed
Aug-14 13:33:17.672 [Actor Thread 114] DEBUG nextflow.sort.BigSort - Sort completed -- entries: 7; slices: 1; internal sort time: 0.002 s; external sort time: 0.001 s; total time: 0.003 s
Aug-14 13:33:17.673 [Actor Thread 114] DEBUG nextflow.file.FileCollector - >> temp file exists? false
Aug-14 13:33:17.673 [Actor Thread 114] DEBUG nextflow.file.FileCollector - Missed collect-file cache -- cause: java.nio.file.NoSuchFileException: /home/cdcadmin/neissflow-dgx-updated/work/collect-file/330a558a3f131baff5780505b9c12884
Aug-14 13:33:17.675 [Actor Thread 114] DEBUG nextflow.file.FileCollector - Saved collect-files list to: /home/cdcadmin/neissflow-dgx-updated/work/collect-file/330a558a3f131baff5780505b9c12884
Aug-14 13:33:17.676 [Actor Thread 114] DEBUG nextflow.file.FileCollector - Deleting file collector temp dir: /tmp/nxf-9398161463899479669
Aug-14 13:33:17.679 [main] DEBUG nextflow.util.ThreadPoolManager - Thread pool 'TaskFinalizer' shutdown completed (hard=false)
Aug-14 13:33:17.679 [main] DEBUG nextflow.util.ThreadPoolManager - Thread pool 'PublishDir' shutdown completed (hard=false)
Aug-14 13:33:17.681 [main] INFO  nextflow.Nextflow - -[0;35m[neissflow/main.nf][0;31m Pipeline completed with errors[0m-
Aug-14 13:33:17.684 [main] DEBUG n.trace.WorkflowStatsObserver - Workflow completed > WorkflowStats[succeededCount=3; failedCount=2; ignoredCount=0; cachedCount=8; pendingCount=0; submittedCount=0; runningCount=0; retriesCount=0; abortedCount=0; succeedDuration=31m 36s; failedDuration=32.3s; cachedDuration=22m 38s;loadCpus=0; loadMemory=0; peakRunning=2; peakCpus=48; peakMemory=128 GB; ]
Aug-14 13:33:17.685 [main] DEBUG nextflow.trace.TraceFileObserver - Workflow completed -- saving trace file
Aug-14 13:33:17.685 [main] DEBUG nextflow.trace.ReportObserver - Workflow completed -- rendering execution report
Aug-14 13:33:18.194 [main] DEBUG nextflow.trace.TimelineObserver - Workflow completed -- rendering execution timeline
Aug-14 13:33:18.291 [main] DEBUG nextflow.cache.CacheDB - Closing CacheDB done
Aug-14 13:33:18.310 [main] INFO  org.pf4j.AbstractPluginManager - Stop plugin 'nf-validation@1.1.4'
Aug-14 13:33:18.310 [main] DEBUG nextflow.plugin.BasePlugin - Plugin stopped nf-validation
Aug-14 13:33:18.311 [main] DEBUG nextflow.util.ThreadPoolManager - Thread pool 'FileTransfer' shutdown completed (hard=false)
Aug-14 13:33:18.312 [main] DEBUG nextflow.script.ScriptRunner - > Execution complete -- Goodbye
